Arquivo aberto corretamente! /home/arthur/UFRN/workspace/RidesharingOriginal/irace/instances//RM698_R15.txt
Riders: 448 Drivers: 250
Seed: 1479102301
Iteracao 0...
Iteracao 1...
Iteracao 2...
Iteracao 3...
Iteracao 4...
Iteracao 5...
Iteracao 6...
Iteracao 7...
Iteracao 8...
Iteracao 9...
Imprimindo o ultimo front obtido:
Vehicles' distance | Vehicles' time | Riders' time | Riders Unmatched
2689.541498 2690.433287 662.693552 322.000000
2663.608026 2665.319604 628.892812 326.000000
2669.460428 2669.460428 674.910781 327.000000
2682.575125 2689.642297 591.291571 328.000000
2662.796312 2666.534093 547.341320 338.000000
2664.135202 2669.302677 541.759031 343.000000
2656.320027 2659.032749 530.493773 346.000000
2615.652672 2634.965069 399.886670 361.000000
2628.404528 2646.880343 366.488997 362.000000
2644.381619 2644.381619 425.654715 366.000000
Número de riders combinados: 126.000000
Tempo decorrido: 0.039764 segundos
Seed: 1479102301
